[Thu Nov 10 20:07:21 MST 2022] - INFO passoff.ServerTest: 	Setting up Persistence Test...
[Thu Nov 10 20:07:21 MST 2022] - INFO client.Proxy: 	Clear called
[Thu Nov 10 20:07:21 MST 2022] - INFO client.Client: 	Post without Request Body called
[Thu Nov 10 20:07:21 MST 2022] - INFO client.Client: 	Attempting to open connection to server
[Thu Nov 10 20:07:21 MST 2022] - INFO client.Client: 	Connection opened to server
[Thu Nov 10 20:07:21 MST 2022] - INFO client.Client: 	Setting passoffrequest method to POST
[Thu Nov 10 20:07:21 MST 2022] - INFO client.Client: 	Request method set to POST
[Thu Nov 10 20:07:21 MST 2022] - INFO client.Client: 	Setting Do Output to true
[Thu Nov 10 20:07:21 MST 2022] - INFO client.Client: 	Do Output set to true
[Thu Nov 10 20:07:21 MST 2022] - INFO client.Client: 	Connecting to server
[Thu Nov 10 20:07:21 MST 2022] - INFO client.Client: 	Connected to server
[Thu Nov 10 20:07:21 MST 2022] - INFO client.Client: 	Getting response code from server
[Thu Nov 10 20:07:21 MST 2022] - INFO client.Client: 	Response code 400 returned
[Thu Nov 10 20:07:21 MST 2022] - INFO client.Client: 	Getting input stream from server
[Thu Nov 10 20:07:21 MST 2022] - INFO client.Client: 	Reading input stream into a string
[Thu Nov 10 20:07:21 MST 2022] - INFO passoff.ServerTest: 	Running Persistence Test...
[Thu Nov 10 20:07:21 MST 2022] - INFO client.Proxy: 	Load called
[Thu Nov 10 20:07:21 MST 2022] - INFO client.Client: 	Post with Request Body called
[Thu Nov 10 20:07:21 MST 2022] - INFO client.Client: 	Attempting to open connection to server
[Thu Nov 10 20:07:21 MST 2022] - INFO client.Client: 	Connection opened to server
[Thu Nov 10 20:07:21 MST 2022] - INFO client.Client: 	Setting passoffrequest method to POST
[Thu Nov 10 20:07:21 MST 2022] - INFO client.Client: 	Request method set to POST
[Thu Nov 10 20:07:21 MST 2022] - INFO client.Client: 	Setting Do Output to true
[Thu Nov 10 20:07:21 MST 2022] - INFO client.Client: 	Do Output set to true
[Thu Nov 10 20:07:21 MST 2022] - INFO client.Client: 	Connecting to server
[Thu Nov 10 20:07:21 MST 2022] - INFO client.Client: 	Connected to server
[Thu Nov 10 20:07:21 MST 2022] - INFO client.Client: 	Opening output stream to server
[Thu Nov 10 20:07:21 MST 2022] - INFO client.Client: 	Writing passoffrequest to server output stream
[Thu Nov 10 20:07:21 MST 2022] - INFO client.Client: 	Request written to server output stream
[Thu Nov 10 20:07:21 MST 2022] - INFO client.Client: 	Closing output stream to server
[Thu Nov 10 20:07:21 MST 2022] - INFO client.Client: 	Output stream to server closed
[Thu Nov 10 20:07:21 MST 2022] - INFO client.Client: 	Getting response code from server
[Thu Nov 10 20:07:21 MST 2022] - INFO client.Client: 	Response code 400 returned
[Thu Nov 10 20:07:21 MST 2022] - INFO client.Client: 	Getting input stream from server
[Thu Nov 10 20:07:21 MST 2022] - INFO client.Client: 	Reading input stream into a string
